0 info it worked if it ends with ok
1 verbose cli [ 'C:\\Program Files\\nodejs\\node.exe',
1 verbose cli   'C:\\Users\\adevaux\\AppData\\Roaming\\npm\\node_modules\\npm\\bin\\npm-cli.js',
1 verbose cli   'start',
1 verbose cli   '--',
1 verbose cli   '--port',
1 verbose cli   '3000' ]
2 info using npm@3.7.2
3 info using node@v5.6.0
4 verbose run-script [ 'prestart', 'start', 'poststart' ]
5 info lifecycle itowns2@1.0.0~prestart: itowns2@1.0.0
6 silly lifecycle itowns2@1.0.0~prestart: no script for prestart, continuing
7 info lifecycle itowns2@1.0.0~start: itowns2@1.0.0
8 verbose lifecycle itowns2@1.0.0~start: unsafe-perm in lifecycle true
9 verbose lifecycle itowns2@1.0.0~start: PATH: C:\Users\adevaux\AppData\Roaming\npm\node_modules\npm\bin\node-gyp-bin;D:\public_html\itowns2\node_modules\.bin;C:\Program Files\nodejs;C:\cygwin64\usr\local\bin;C:\cygwin64\bin;C:\ProgramData\Oracle\Java\javapath;C:\Program Files (x86)\Common Files\Raytrix Shared\Bin;C:\Program Files (x86)\NVIDIA Corporation\PhysX\Common;C:\Program Files\ImageMagick-6.8.8-Q16;C:\Program Files (x86)\EasyPHP-DevServer-13.1VC9\binaries\php\php_runningversion;C:\Program Files\Common Files\Microsoft Shared\Windows Live;C:\Program Files (x86)\Common Files\Microsoft Shared\Windows Live;C:\windows\system32;C:\windows;C:\windows\System32\Wbem;C:\windows\System32\WindowsPowerShell\v1.0;C:\Program Files (x86)\Microsoft SQL Server\90\Tools\binn;C:\Program Files (x86)\Windows Live\Shared;C:\Program Files\TortoiseHg;C:\Program Files\PostgreSQL\9.3;D:\gdal\release-1400-x64-gdal-1-10-1-mapserver-6-4-0\bin;C:\Program Files (x86)\NVIDIA Corporation\DDS Utilities;D:\opencv\build\x64\vc10\bin;D:\opencv\build\common\tbb\ia32\vc10;C:\Program Files (x86)\CMake 2.8\bin;C:\Program Files\MiKTeX 2.9\miktex\bin\x64;C:\Program Files\Microsoft SQL Server\110\Tools\Binn;C:\Program Files (x86)\Microsoft SDKs\TypeScript\1.0;C:\Program Files\Microsoft SQL Server\120\Tools\Binn;C:\Program Files\TortoiseGit\bin;C:\Android;C:\Windows\System32;C:\Program Files\nodejs;D:\opencv\build\vs2008\bin\Release;D:\opencv\build\vs2008\bin\Debug;C:\Users\adevaux\AppData\Roaming\npm
10 verbose lifecycle itowns2@1.0.0~start: CWD: D:\public_html\itowns2
11 silly lifecycle itowns2@1.0.0~start: Args: [ '/d /s /c',
11 silly lifecycle   'webpack-dev-server -d --inline --hot "--port" "3000"' ]
12 silly lifecycle itowns2@1.0.0~start: Returned: code: 1  signal: null
13 info lifecycle itowns2@1.0.0~start: Failed to exec start script
14 verbose stack Error: itowns2@1.0.0 start: `webpack-dev-server -d --inline --hot "--port" "3000"`
14 verbose stack Exit status 1
14 verbose stack     at EventEmitter.<anonymous> (C:\Users\adevaux\AppData\Roaming\npm\node_modules\npm\lib\utils\lifecycle.js:239:16)
14 verbose stack     at emitTwo (events.js:100:13)
14 verbose stack     at EventEmitter.emit (events.js:185:7)
14 verbose stack     at ChildProcess.<anonymous> (C:\Users\adevaux\AppData\Roaming\npm\node_modules\npm\lib\utils\spawn.js:24:14)
14 verbose stack     at emitTwo (events.js:100:13)
14 verbose stack     at ChildProcess.emit (events.js:185:7)
14 verbose stack     at maybeClose (internal/child_process.js:827:16)
14 verbose stack     at Process.ChildProcess._handle.onexit (internal/child_process.js:211:5)
15 verbose pkgid itowns2@1.0.0
16 verbose cwd D:\public_html\itowns2
17 error Windows_NT 6.1.7601
18 error argv "C:\\Program Files\\nodejs\\node.exe" "C:\\Users\\adevaux\\AppData\\Roaming\\npm\\node_modules\\npm\\bin\\npm-cli.js" "start" "--" "--port" "3000"
19 error node v5.6.0
20 error npm  v3.7.2
21 error code ELIFECYCLE
22 error itowns2@1.0.0 start: `webpack-dev-server -d --inline --hot "--port" "3000"`
22 error Exit status 1
23 error Failed at the itowns2@1.0.0 start script 'webpack-dev-server -d --inline --hot "--port" "3000"'.
23 error Make sure you have the latest version of node.js and npm installed.
23 error If you do, this is most likely a problem with the itowns2 package,
23 error not with npm itself.
23 error Tell the author that this fails on your system:
23 error     webpack-dev-server -d --inline --hot "--port" "3000"
23 error You can get information on how to open an issue for this project with:
23 error     npm bugs itowns2
23 error Or if that isn't available, you can get their info via:
23 error     npm owner ls itowns2
23 error There is likely additional logging output above.
24 verbose exit [ 1, true ]
